Traceback (most recent call last):
  File "firsttest.py", line 54, in <module>
    rfm9x = adafruit_rfm9x.RFM9x(spi, CS, RESET, 915.0)
  File "/usr/local/lib/python3.7/dist-packages/adafruit_rfm9x.py", line 253, in __init__
    "Failed to find rfm9x with expected version -- check wiring"
RuntimeError: Failed to find rfm9x with expected version -- check wiring
Traceback (most recent call last):
  File "firsttest.py", line 65, in <module>
    packet = rfm9x.receive()
  File "/usr/local/lib/python3.7/dist-packages/adafruit_rfm9x.py", line 771, in receive
    while not timed_out and not self.rx_done():
  File "/usr/local/lib/python3.7/dist-packages/adafruit_rfm9x.py", line 623, in rx_done
    return (self._read_u8(_RH_RF95_REG_12_IRQ_FLAGS) & 0x40) >> 6
  File "/usr/local/lib/python3.7/dist-packages/adafruit_rfm9x.py", line 355, in _read_u8
    self._read_into(address, self._BUFFER, length=1)
  File "/usr/local/lib/python3.7/dist-packages/adafruit_rfm9x.py", line 351, in _read_into
    device.readinto(buf, end=length)
  File "/usr/local/lib/python3.7/dist-packages/adafruit_bus_device/spi_device.py", line 84, in __exit__
    self.chip_select.value = True
  File "/usr/local/lib/python3.7/dist-packages/digitalio.py", line 162, in value
    self._pin.value(1 if val else 0)
  File "/usr/local/lib/python3.7/dist-packages/adafruit_blinka/microcontroller/bcm283x/pin.py", line 53, in value
    def value(self, val=None):
KeyboardInterrupt
Traceback (most recent call last):
  File "firsttest.py", line 65, in <module>
    packet = rfm9x.receive()
  File "/usr/local/lib/python3.7/dist-packages/adafruit_rfm9x.py", line 771, in receive
    while not timed_out and not self.rx_done():
  File "/usr/local/lib/python3.7/dist-packages/adafruit_rfm9x.py", line 623, in rx_done
    return (self._read_u8(_RH_RF95_REG_12_IRQ_FLAGS) & 0x40) >> 6
  File "/usr/local/lib/python3.7/dist-packages/adafruit_rfm9x.py", line 355, in _read_u8
    self._read_into(address, self._BUFFER, length=1)
  File "/usr/local/lib/python3.7/dist-packages/adafruit_rfm9x.py", line 347, in _read_into
    with self._device as device:
  File "/usr/local/lib/python3.7/dist-packages/adafruit_bus_device/spi_device.py", line 76, in __enter__
    baudrate=self.baudrate, polarity=self.polarity, phase=self.phase
  File "/usr/local/lib/python3.7/dist-packages/busio.py", line 198, in configure
    if detector.board.any_raspberry_pi or detector.board.any_raspberry_pi_40_pin:
  File "/usr/local/lib/python3.7/dist-packages/adafruit_platformdetect/board.py", line 418, in any_raspberry_pi
    return self._pi_rev_code() is not None
  File "/usr/local/lib/python3.7/dist-packages/adafruit_platformdetect/board.py", line 194, in _pi_rev_code
    rev = self.detector.get_cpuinfo_field("Revision")
  File "/usr/local/lib/python3.7/dist-packages/adafruit_platformdetect/__init__.py", line 53, in get_cpuinfo_field
    match = re.search(pattern, line, flags=re.IGNORECASE)
  File "/usr/lib/python3.7/re.py", line 183, in search
    return _compile(pattern, flags).search(string)
  File "/usr/lib/python3.7/re.py", line 275, in _compile
    try:
KeyboardInterrupt
Traceback (most recent call last):
  File "firsttest.py", line 54, in <module>
    rfm9x = adafruit_rfm9x.RFM9x(spi, CS, RESET, 915.0)
  File "/usr/local/lib/python3.7/dist-packages/adafruit_rfm9x.py", line 253, in __init__
    "Failed to find rfm9x with expected version -- check wiring"
RuntimeError: Failed to find rfm9x with expected version -- check wiring
Traceback (most recent call last):
  File "/usr/lib/python3/dist-packages/serial/serialposix.py", line 265, in open
    self.fd = os.open(self.portstr, os.O_RDWR | os.O_NOCTTY | os.O_NONBLOCK)
FileNotFoundError: [Errno 2] No such file or directory: '/dev/ttyACM0'

During handling of the above exception, another exception occurred:

Traceback (most recent call last):
  File "firsttest-log.py", line 27, in <module>
    arduino = serial.Serial('/dev/ttyACM0', 9600, timeout = 0.1)
  File "/usr/lib/python3/dist-packages/serial/serialutil.py", line 240, in __init__
    self.open()
  File "/usr/lib/python3/dist-packages/serial/serialposix.py", line 268, in open
    raise SerialException(msg.errno, "could not open port {}: {}".format(self._port, msg))
serial.serialutil.SerialException: [Errno 2] could not open port /dev/ttyACM0: [Errno 2] No such file or directory: '/dev/ttyACM0'
Button C!

Button C!

Button C!

Button C!

Button C!

Button C!

Button C!

Button C!

Button C!

Button C!

Button C!

Button C!

Button C!

Button C!

Button C!

Button C!

Button C!

Button C!

Button C!

Button C!

Button C!

Button C!

Button C!

Button C!

Button C!

Button C!

Button C!

Button C!

Button C!

Button C!

Button C!

Button C!

Button C!

Button C!

Button C!

Button C!

Button C!

Button C!

Button C!

Button C!

Button C!

Button C!

Button C!

Button C!

Button C!

Button C!

Button C!

Button C!

Button C!

Button C!

Button C!

Button C!

Button C!

Button C!

Button C!

Button C!

Button C!

Button C!

Button C!

Button C!

Button C!

Button C!

Button C!

Button C!

Button C!

Button C!

Button C!

Button C!

Button C!

Button C!

Button C!

Button C!

Button C!

Button C!

Button C!

Button C!

Button C!

Button C!

Button C!

Button C!

Button C!

Button C!

Button C!

Button C!

Button C!

Button C!

Button C!

Button C!

Button C!

Button C!

Button C!

Button C!

Button C!

Button C!

Button C!

Button C!

Button C!

Button C!

Button C!

Button C!

Button C!

Button C!

Button C!

Button C!

Button C!

Button C!

Button C!

Button C!

Button C!

Button C!

Button C!

Button C!

Button C!

Button C!

Button C!

Button C!

Button C!

Button C!

Button C!

Button C!

Button C!

Button C!

Button C!

Button C!

Button C!

Button C!

Button C!

Button C!

Button C!

Button C!

Button C!

Button C!

Button C!

Button C!

Button C!

Button C!

Button C!

Button C!

Button C!

Button C!

Button C!

Button C!

Button C!

Button C!

Button C!

Button C!

Button C!

Button C!

Button C!

Button C!

Button C!

Button C!

Button C!

Button C!

Button C!

Button C!

Button C!

Button C!

Button C!

Button C!

Button C!

Button C!

Button C!

Button C!

Button C!

Button C!

Button C!

Button C!

Button C!

Button C!

Button C!

Button C!

Button C!

Button C!

Button C!

Button C!

Button C!

Button C!

Button C!

Button C!

Button C!

Button C!

Button C!

Button C!

Button C!

Button C!

Button C!

Button C!

Button C!

Button C!

Button C!

Button C!

Button C!

Button C!

Button C!

Button C!

Button C!

Button C!

Button C!

Button C!

Button C!

Button C!

Button C!

Button C!

Button C!

Traceback (most recent call last):
  File "firsttest.py", line 73, in <module>
    packet_text = str(prev_packet, "utf-8")
UnicodeDecodeError: 'utf-8' codec can't decode byte 0xff in position 0: invalid start byte
Logging data to log.csv...
Recieved: Hellom with RSSI= -54
Writing to log.csv
Recieved: Hellom with RSSI= -54
Writing to log.csv
Recieved: Hellom with RSSI= -54
Writing to log.csv
Recieved: Hellom with RSSI= -54
Writing to log.csv
Recieved: Hellom with RSSI= -54
Writing to log.csv
Recieved: Hellom with RSSI= -54
Writing to log.csv
Recieved: Hellom with RSSI= -54
Writing to log.csv
Recieved: Hellom with RSSI= -54
Writing to log.csv
Recieved: Hellom with RSSI= -52
Writing to log.csv
Recieved: Hellom with RSSI= -54
Writing to log.csv
Recieved: Hellom with RSSI= -54
Writing to log.csv
Recieved: Hellom with RSSI= -52
Writing to log.csv
Recieved: Hellom with RSSI= -53
Writing to log.csv
Recieved: Hellom with RSSI= -54
Writing to log.csv
Recieved: Hellom with RSSI= -53
Writing to log.csv
Recieved: Hellom with RSSI= -54
Writing to log.csv
Recieved: Hellom with RSSI= -52
Writing to log.csv
Recieved: Hellom with RSSI= -53
Writing to log.csv
Recieved: Hellom with RSSI= -54
Writing to log.csv
Recieved: Hellom with RSSI= -54
Writing to log.csv
Recieved: Hellom with RSSI= -54
Writing to log.csv
Recieved: Hellom with RSSI= -54
Writing to log.csv
Recieved: Hellom with RSSI= -52
Writing to log.csv
Recieved: Hellom with RSSI= -54
Writing to log.csv
Recieved: Hellom with RSSI= -55
Writing to log.csv
Recieved: Hellom with RSSI= -54
Writing to log.csv
Recieved: Hellom with RSSI= -55
Writing to log.csv
Recieved: Hellom with RSSI= -62
Writing to log.csv
Recieved: Hellom with RSSI= -67
Writing to log.csv
Recieved: Hellom with RSSI= -61
Writing to log.csv
Recieved: Hellom with RSSI= -62
Writing to log.csv
Recieved: Hellom with RSSI= -67
Writing to log.csv
Recieved: Hellom with RSSI= -73
Writing to log.csv
Recieved: Hellom with RSSI= -72
Writing to log.csv
Recieved: Hellom with RSSI= -69
Writing to log.csv
Recieved: Hellom with RSSI= -75
Writing to log.csv
Recieved: Hellom with RSSI= -67
Writing to log.csv
Recieved: Hellom with RSSI= -55
Writing to log.csv
Recieved: Hellom with RSSI= -61
Writing to log.csv
Recieved: Hellom with RSSI= -72
Writing to log.csv
Recieved: Hellom with RSSI= -53
Writing to log.csv
Recieved: Hellom with RSSI= -55
Writing to log.csv
Recieved: Hellom with RSSI= -42
Writing to log.csv
Recieved: Hellom with RSSI= -75
Writing to log.csv
Recieved: Hellom with RSSI= -56
Writing to log.csv
Recieved: Hellom with RSSI= -64
Writing to log.csv
Recieved: Hellom with RSSI= -54
Writing to log.csv
Recieved: Hellom with RSSI= -62
Writing to log.csv
Recieved: Hellom with RSSI= -54
Writing to log.csv
Recieved: Hellom with RSSI= -54
Writing to log.csv
Recieved: Hellom with RSSI= -42
Writing to log.csv
Recieved: Hellom with RSSI= -56
Writing to log.csv
Recieved: Hellom with RSSI= -67
Writing to log.csv
Recieved: Hellom with RSSI= -85
Writing to log.csv
Recieved: Hellom with RSSI= -81
Writing to log.csv
Recieved: Hellom with RSSI= -83
Writing to log.csv
Recieved: Hellom with RSSI= -78
Writing to log.csv
Recieved: Hellom with RSSI= -87
Writing to log.csv
Recieved: Hellom with RSSI= -88
Writing to log.csv
Recieved: Hellom with RSSI= -92
Writing to log.csv
Recieved: Hellom with RSSI= -108
Writing to log.csv
Recieved: Hellom with RSSI= -103
Writing to log.csv
Recieved: Hellom with RSSI= -92
Writing to log.csv
Recieved: Hellom with RSSI= -93
Writing to log.csv
Recieved: Hellom with RSSI= -97
Writing to log.csv
Recieved: Hellom with RSSI= -94
Writing to log.csv
Recieved: Hellom with RSSI= -102
Writing to log.csv
Recieved: Hel\im with RSSI= -112
Writing to log.csv
Recieved: Hellom with RSSI= -102
Writing to log.csv
Recieved: Hellom with RSSI= -94
Writing to log.csv
Recieved: Hellom with RSSI= -98
Writing to log.csv
Recieved: Hellom with RSSI= -108
Writing to log.csv
Recieved: Hellom with RSSI= -101
Writing to log.csv
Recieved: Hellom with RSSI= -109
Writing to log.csv
Recieved: Hellom with RSSI= -108
Writing to log.csv
Recieved: Hellom with RSSI= -103
Writing to log.csv
Recieved: Hellom with RSSI= -99
Writing to log.csv
Recieved: Hellom with RSSI= -100
Writing to log.csv
Recieved: Hellom with RSSI= -104
Writing to log.csv
Recieved: Hellom with RSSI= -101
Writing to log.csv
Recieved: Hellom with RSSI= -102
Writing to log.csv
Recieved: Hellom with RSSI= -100
Writing to log.csv
Recieved: Hellom with RSSI= -110
Writing to log.csv
Recieved: Hellom with RSSI= -108
Writing to log.csv
Recieved: Hellom with RSSI= -102
Writing to log.csv
Recieved: Hellom with RSSI= -100
Writing to log.csv
Recieved: Hellom with RSSI= -100
Writing to log.csv
Recieved: Hellom with RSSI= -105
Writing to log.csv
Recieved: Hellom with RSSI= -108
Writing to log.csv
Recieved: Hellom with RSSI= -111
Writing to log.csv
Recieved: Hellom with RSSI= -99
Writing to log.csv
Recieved: Hellom with RSSI= -104
Writing to log.csv
Recieved: Hellom with RSSI= -104
Writing to log.csv
Recieved: Hellom with RSSI= -113
Writing to log.csv
Recieved: Hellom with RSSI= -113
Writing to log.csv
Recieved: Hellom with RSSI= -107
Writing to log.csv
Recieved: Hellom with RSSI= -119
Writing to log.csv
Recieved: Hellom with RSSI= -120
Writing to log.csv
Recieved: Hellom with RSSI= -114
Writing to log.csv
Recieved: Hellom with RSSI= -107
Writing to log.csv
Recieved: Hellom with RSSI= -109
Writing to log.csv
Recieved: Hellom with RSSI= -106
Writing to log.csv
Recieved: Hellom with RSSI= -118
Writing to log.csv
Recieved: Hellom with RSSI= -117
Writing to log.csv
Recieved: Hellom with RSSI= -115
Writing to log.csv
Recieved: Hellom with RSSI= -109
Writing to log.csv
Recieved: Hellom with RSSI= -111
Writing to log.csv
Recieved: Hellom with RSSI= -113
Writing to log.csv
Recieved: Hellom with RSSI= -114
Writing to log.csv
Recieved: Hellom with RSSI= -112
Writing to log.csv
Recieved: Hellom with RSSI= -112
Writing to log.csv
Recieved: Hellom with RSSI= -114
Writing to log.csv
Recieved: Hellom with RSSI= -109
Writing to log.csv
Recieved: Hellom with RSSI= -109
Writing to log.csv
Recieved: Hellom with RSSI= -115
Writing to log.csv
Recieved: Hellom with RSSI= -113
Writing to log.csv
Recieved: Hellom with RSSI= -111
Writing to log.csv
Recieved: Hellom with RSSI= -111
Writing to log.csv
Recieved: Hellom with RSSI= -114
Writing to log.csv
Recieved: Hellom with RSSI= -107
Writing to log.csv
Recieved: Hellom with RSSI= -114
Writing to log.csv
Recieved: Hellom with RSSI= -112
Writing to log.csv
Recieved: Hellom with RSSI= -118
Writing to log.csv
Recieved: Hellom with RSSI= -120
Writing to log.csv
Packet error
Recieved: Hellom with RSSI= -117
Writing to log.csv
Recieved: Hellom with RSSI= -117
Writing to log.csv
Recieved: Hellom with RSSI= -123
Writing to log.csv
Recieved: Hellom with RSSI= -118
Writing to log.csv
Recieved: Hellom with RSSI= -120
Writing to log.csv
Recieved: Hellom with RSSI= -119
Writing to log.csv
Recieved: Hellom with RSSI= -119
Writing to log.csv
Recieved: Hellom with RSSI= -115
Writing to log.csv
Recieved: Hellom with RSSI= -120
Writing to log.csv
Recieved: Hellom with RSSI= -113
Writing to log.csv
Recieved: Hellom with RSSI= -118
Writing to log.csv
Recieved: Hellom with RSSI= -116
Writing to log.csv
Recieved: Hellom with RSSI= -118
Writing to log.csv
Recieved: Hellom with RSSI= -122
Writing to log.csv
Recieved: Hellom with RSSI= -124
Writing to log.csv
Recieved: Hellom with RSSI= -121
Writing to log.csv
Recieved: Hellom with RSSI= -122
Writing to log.csv
Recieved: Hellom with RSSI= -121
Writing to log.csv
Recieved: Hellom with RSSI= -123
Writing to log.csv
Recieved: Hellom with RSSI= -122
Writing to log.csv
Recieved: Hellom with RSSI= -123
Writing to log.csv
Recieved: Hellom with RSSI= -122
Writing to log.csv
Recieved: Hellom with RSSI= -118
Writing to log.csv
Recieved: Hellom with RSSI= -119
Writing to log.csv
Recieved: Hellom with RSSI= -117
Writing to log.csv
Recieved: Hellom with RSSI= -124
Writing to log.csv
Recieved: Hellom with RSSI= -117
Writing to log.csv
Recieved: Hellom with RSSI= -123
Writing to log.csv
Recieved: Hellom with RSSI= -121
Writing to log.csv
Recieved: Hellom with RSSI= -123
Writing to log.csv
Recieved: Hellom with RSSI= -123
Writing to log.csv
Recieved: Hellom with RSSI= -116
Writing to log.csv
Recieved: Hellom with RSSI= -125
Writing to log.csv
Recieved: Hellom with RSSI= -121
Writing to log.csv
Recieved: Hel\om with RSSI= -125